../../../../../middleware/MTK/wifi_service/combo/module.mk:21: WIFI_LIB_FOLDER=wifi_inic
../../../../../middleware/MTK/wifi_service/combo/module.mk:21: WIFI_LIB_FOLDER=wifi_inic
/tmp/ccP0LLi4.s: Assembler messages:
/tmp/ccP0LLi4.s:305: writing to APSR without specifying a bitmask is deprecated
../../../../../project/mt7686_hdk/apps/codoon_wifi_smart/src/main.c: In function 'getlink_task':
../../../../../project/mt7686_hdk/apps/codoon_wifi_smart/src/main.c:224:10: warning: variable 'status' set but not used [-Wunused-but-set-variable]
  uint8_t status = 0;
          ^
../../../../../project/mt7686_hdk/apps/codoon_wifi_smart/src/main.c: In function 'codoonaudio_task':
../../../../../project/mt7686_hdk/apps/codoon_wifi_smart/src/main.c:276:5: warning: implicit declaration of function 'SynMp3files' [-Wimplicit-function-declaration]
     res=SynMp3files ("SD:/temp",15);
     ^
../../../../../project/mt7686_hdk/apps/codoon_wifi_smart/src/main.c:279:5: warning: implicit declaration of function 'codoon_audio_play' [-Wimplicit-function-declaration]
     if(res==1)codoon_audio_play();
     ^
../../../../../project/mt7686_hdk/apps/codoon_wifi_smart/src/main.c: In function 'main':
../../../../../project/mt7686_hdk/apps/codoon_wifi_smart/src/main.c:302:10: warning: unused variable 'res' [-Wunused-variable]
  int32_t res;
          ^
../../../../../project/mt7686_hdk/apps/codoon_wifi_smart/src/mp3_codec_demo.c: In function 'mp3_codec_demo':
../../../../../project/mt7686_hdk/apps/codoon_wifi_smart/src/mp3_codec_demo.c:321:5: warning: implicit declaration of function 'SynMp3files' [-Wimplicit-function-declaration]
     res=SynMp3files ("SD:/temp",15);
     ^
../../../../../project/mt7686_hdk/apps/codoon_wifi_smart/src/mp3_synfile.c: In function 'SynMp3files':
../../../../../project/mt7686_hdk/apps/codoon_wifi_smart/src/mp3_synfile.c:28:12: warning: unused variable 'j' [-Wunused-variable]
  uint8_t i,j;
            ^
../../../../../project/mt7686_hdk/apps/codoon_wifi_smart/src/mp3_synfile.c: In function 'JointfMp3File':
../../../../../project/mt7686_hdk/apps/codoon_wifi_smart/src/mp3_synfile.c:181:8: warning: passing argument 4 of 'f_read' from incompatible pointer type [enabled by default]
        res=f_read(&Mp3File,TempBuf,datasize,&br);
        ^
In file included from ../../../../../project/mt7686_hdk/apps/codoon_wifi_smart/src/mp3_synfile.c:13:0:
../../../../../middleware/third_party/fatfs/src/ff.h:250:9: note: expected 'UINT *' but argument is of type 'uint32_t *'
 FRESULT f_read (FIL* fp, void* buff, UINT btr, UINT* br);   /* Read data from the file */
         ^
../../../../../project/mt7686_hdk/apps/codoon_wifi_smart/src/es8374.c: In function 'es8374_init':
../../../../../project/mt7686_hdk/apps/codoon_wifi_smart/src/es8374.c:58:7: warning: "/*" within comment [-Wcomment]
     ///* PLL FOR 26MHZ/44.1KHZ
 ^
../../../../../project/mt7686_hdk/apps/codoon_wifi_smart/src/mp3_synfile.c:203:10: warning: passing argument 4 of 'f_write' from incompatible pointer type [enabled by default]
          res = f_write(&Mp3File, FileBuf, br, &bw);   /* Write it to the dst file */
          ^
In file included from ../../../../../project/mt7686_hdk/apps/codoon_wifi_smart/src/mp3_synfile.c:13:0:
../../../../../middleware/third_party/fatfs/src/ff.h:251:9: note: expected 'UINT *' but argument is of type 'uint32_t *'
 FRESULT f_write (FIL* fp, const void* buff, UINT btw, UINT* bw); /* Write data to the file */
         ^
../../../../../project/mt7686_hdk/apps/codoon_wifi_smart/src/mp3_synfile.c:207:6: warning: passing argument 4 of 'f_read' from incompatible pointer type [enabled by default]
      res=f_read(&Mp3File,TempBuf,datasize,&br);
      ^
../../../../../project/mt7686_hdk/apps/codoon_wifi_smart/src/es8374.c:105:10: warning: variable 'res' set but not used [-Wunused-but-set-variable]
  uint8_t res=0;
          ^
In file included from ../../../../../project/mt7686_hdk/apps/codoon_wifi_smart/src/mp3_synfile.c:13:0:
../../../../../middleware/third_party/fatfs/src/ff.h:250:9: note: expected 'UINT *' but argument is of type 'uint32_t *'
 FRESULT f_read (FIL* fp, void* buff, UINT btr, UINT* br);   /* Read data from the file */
         ^
../../../../../project/mt7686_hdk/apps/codoon_wifi_smart/src/mp3_synfile.c:222:9: warning: passing argument 4 of 'f_write' from incompatible pointer type [enabled by default]
         res = f_write(&Mp3File, FileBuf, br, &bw);               /* Write it to the dst file */
         ^
In file included from ../../../../../project/mt7686_hdk/apps/codoon_wifi_smart/src/mp3_synfile.c:13:0:
../../../../../middleware/third_party/fatfs/src/ff.h:251:9: note: expected 'UINT *' but argument is of type 'uint32_t *'
 FRESULT f_write (FIL* fp, const void* buff, UINT btw, UINT* bw); /* Write data to the file */
         ^
../../../../../project/mt7686_hdk/apps/codoon_wifi_smart/src/mp3_synfile.c:239:10: warning: passing argument 4 of 'f_write' from incompatible pointer type [enabled by default]
          res = f_write(&Mp3File, FileBuf, br, &bw);               /* Write it to the dst file */
          ^
In file included from ../../../../../project/mt7686_hdk/apps/codoon_wifi_smart/src/mp3_synfile.c:13:0:
../../../../../middleware/third_party/fatfs/src/ff.h:251:9: note: expected 'UINT *' but argument is of type 'uint32_t *'
 FRESULT f_write (FIL* fp, const void* buff, UINT btw, UINT* bw); /* Write data to the file */
         ^
../../../../../project/mt7686_hdk/apps/codoon_wifi_smart/src/mp3_synfile.c:154:12: warning: unused variable 'Mp3DataStart' [-Wunused-variable]
   uint32_t Mp3DataStart=0;
            ^
../../../../../project/mt7686_hdk/apps/codoon_wifi_smart/src/wm8978.c: In function 'wm8978_i2c_init':
../../../../../project/mt7686_hdk/apps/codoon_wifi_smart/src/wm8978.c:240:38: warning: unused variable 'i2c_send_to_receive_config' [-Wunused-variable]
     hal_i2c_send_to_receive_config_t i2c_send_to_receive_config={WM8978_I2C_ADDR,wm8978senddata,1,wm8978recdata,1};
                                      ^
